<!DOCTYPE html PUBLIC "-//W3C//DTD XHTML 1.1//EN" "https://www.w3.org/TR/xhtml11/DTD/xhtml11.dtd">
<html xmlns="https://www.w3.org/1999/xhtml">
<head>
<meta http-equiv="content-type" content="text/html; charset=UTF-8"/>
<title>TestNG Report</title>
<style type="text/css">table {margin-bottom:10px;border-collapse:collapse;empty-cells:show}th,td {border:1px solid #009;padding:.25em .5em}th {vertical-align:bottom}td {vertical-align:top}table a {font-weight:bold}.stripe td {background-color: #E6EBF9}.num {text-align:right}.passedodd td {background-color: #3F3}.passedeven td {background-color: #0A0}.skippedodd td {background-color: #DDD}.skippedeven td {background-color: #CCC}.failedodd td,.attn {background-color: #F33}.failedeven td,.stripe .attn {background-color: #D00}.stacktrace {white-space:pre;font-family:monospace}.totop {font-size:85%;text-align:center;border-bottom:2px solid #000}.invisible {display:none}</style>
</head>
<body>
<table>
<tr><th>Test</th><th># Passed</th><th># Skipped</th><th># Retried</th><th># Failed</th><th>Time (ms)</th><th>Included Groups</th><th>Excluded Groups</th></tr>
<tr><th colspan="8">Command line suite</th></tr>
<tr><td><a href="#t0">Command line test</a></td><td class="num">8</td><td class="num">0</td><td class="num">0</td><td class="num attn">2</td><td class="num">35,331</td><td></td><td></td></tr>
</table>
<table id='summary'><thead><tr><th>Class</th><th>Method</th><th>Start</th><th>Time (ms)</th></tr></thead><tbody><tr><th colspan="4">Command line suite</th></tr></tbody><tbody id="t0"><tr><th colspan="4">Command line test &#8212; failed</th></tr><tr class="failedeven"><td rowspan="2">login.modal.ModalTest</td><td><a href="#m0">testModalContent</a></td><td rowspan="1">1669152725022</td><td rowspan="1">5561</td></tr><tr class="failedeven"><td><a href="#m1">testModalTitle</a></td><td rowspan="1">1669152730993</td><td rowspan="1">5600</td></tr><tr><th colspan="4">Command line test &#8212; passed</th></tr><tr class="passedeven"><td rowspan="3">alerts.alertTest</td><td><a href="#m2">testAcceptAlert</a></td><td rowspan="1">1669152710237</td><td rowspan="1">337</td></tr><tr class="passedeven"><td><a href="#m3">testGetTextFromAlert</a></td><td rowspan="1">1669152710740</td><td rowspan="1">309</td></tr><tr class="passedeven"><td><a href="#m4">testSetInputInAlert</a></td><td rowspan="1">1669152711206</td><td rowspan="1">332</td></tr><tr class="passedodd"><td rowspan="1">control.ControlTest</td><td><a href="#m5">controlTest</a></td><td rowspan="1">1669152714051</td><td rowspan="1">249</td></tr><tr class="passedeven"><td rowspan="1">dropdown.DropdownTest</td><td><a href="#m6">testSelectedOption</a></td><td rowspan="1">1669152716829</td><td rowspan="1">425</td></tr><tr class="passedodd"><td rowspan="1">hover.HoverTest</td><td><a href="#m7">testHoverUser1</a></td><td rowspan="1">1669152720091</td><td rowspan="1">650</td></tr><tr class="passedeven"><td rowspan="1">login.modal.ModalTest</td><td><a href="#m8">testCloseModal</a></td><td rowspan="1">1669152723784</td><td rowspan="1">1027</td></tr><tr class="passedodd"><td rowspan="1">rightClick.rightClickTest</td><td><a href="#m9">testRightClick</a></td><td rowspan="1">1669152739525</td><td rowspan="1">682</td></tr></tbody>
</table>
<h2>Command line test</h2><h3 id="m0">login.modal.ModalTest#testModalContent</h3><table class="result"><tr><th>Exception</th></tr><tr><td><div class="stacktrace">org.openqa.selenium.TimeoutException: Expected condition failed: waiting for visibility of [[ChromeDriver: chrome on WINDOWS (7f157aac8e708f8a4772f0b880e2f574)] -&gt; css selector: .modal-body p] (tried for 5 second(s) with 500 milliseconds interval)
Build info: version: &apos;4.6.0&apos;, revision: &apos;79f1c02ae20&apos;
System info: os.name: &apos;Windows 11&apos;, os.arch: &apos;amd64&apos;, os.version: &apos;10.0&apos;, java.version: &apos;19.0.1&apos;
Driver info: org.openqa.selenium.chrome.ChromeDriver
Capabilities {acceptInsecureCerts: false, browserName: chrome, browserVersion: 107.0.5304.107, chrome: {chromedriverVersion: 107.0.5304.62 (1eec40d3a576..., userDataDir: C:\Users\HECTOR~1\AppData\L...}, goog:chromeOptions: {debuggerAddress: localhost:64686}, networkConnectionEnabled: false, pageLoadStrategy: normal, platformName: WINDOWS, proxy: Proxy(), se:cdp: ws://localhost:64686/devtoo..., se:cdpVersion: 107.0.5304.107, setWindowRect: true, strictFileInteractability: false, timeouts: {implicit: 0, pageLoad: 300000, script: 30000}, unhandledPromptBehavior: dismiss and notify, webauthn:extension:credBlob: true, webauthn:extension:largeBlob: true, webauthn:virtualAuthenticators: true}
Session ID: 7f157aac8e708f8a4772f0b880e2f574
	at org.openqa.selenium.support.ui.WebDriverWait.timeoutException(WebDriverWait.java:87)
	at org.openqa.selenium.support.ui.FluentWait.until(FluentWait.java:231)
	at pages.ModalPage.getModalText(ModalPage.java:37)
	at login.modal.ModalTest.testModalContent(ModalTest.java:21)
	at java.base/java.util.ArrayList.forEach(ArrayList.java:1511)
... Removed 33 stack frames</div></td></tr></table><p class="totop"><a href="#summary">back to summary</a></p>
<h3 id="m1">login.modal.ModalTest#testModalTitle</h3><table class="result"><tr><th>Exception</th></tr><tr><td><div class="stacktrace">org.openqa.selenium.TimeoutException: Expected condition failed: waiting for visibility of [[ChromeDriver: chrome on WINDOWS (7f157aac8e708f8a4772f0b880e2f574)] -&gt; css selector: .modal h3] (tried for 5 second(s) with 500 milliseconds interval)
Build info: version: &apos;4.6.0&apos;, revision: &apos;79f1c02ae20&apos;
System info: os.name: &apos;Windows 11&apos;, os.arch: &apos;amd64&apos;, os.version: &apos;10.0&apos;, java.version: &apos;19.0.1&apos;
Driver info: org.openqa.selenium.chrome.ChromeDriver
Capabilities {acceptInsecureCerts: false, browserName: chrome, browserVersion: 107.0.5304.107, chrome: {chromedriverVersion: 107.0.5304.62 (1eec40d3a576..., userDataDir: C:\Users\HECTOR~1\AppData\L...}, goog:chromeOptions: {debuggerAddress: localhost:64686}, networkConnectionEnabled: false, pageLoadStrategy: normal, platformName: WINDOWS, proxy: Proxy(), se:cdp: ws://localhost:64686/devtoo..., se:cdpVersion: 107.0.5304.107, setWindowRect: true, strictFileInteractability: false, timeouts: {implicit: 0, pageLoad: 300000, script: 30000}, unhandledPromptBehavior: dismiss and notify, webauthn:extension:credBlob: true, webauthn:extension:largeBlob: true, webauthn:virtualAuthenticators: true}
Session ID: 7f157aac8e708f8a4772f0b880e2f574
	at org.openqa.selenium.support.ui.WebDriverWait.timeoutException(WebDriverWait.java:87)
	at org.openqa.selenium.support.ui.FluentWait.until(FluentWait.java:231)
	at pages.ModalPage.getModalTitle(ModalPage.java:31)
	at login.modal.ModalTest.testModalTitle(ModalTest.java:15)
	at java.base/java.util.ArrayList.forEach(ArrayList.java:1511)
... Removed 33 stack frames</div></td></tr></table><p class="totop"><a href="#summary">back to summary</a></p>
<h3 id="m2">alerts.alertTest#testAcceptAlert</h3><table class="result"><tr><th class="invisible"/></tr></table><p class="totop"><a href="#summary">back to summary</a></p>
<h3 id="m3">alerts.alertTest#testGetTextFromAlert</h3><table class="result"><tr><th class="invisible"/></tr></table><p class="totop"><a href="#summary">back to summary</a></p>
<h3 id="m4">alerts.alertTest#testSetInputInAlert</h3><table class="result"><tr><th class="invisible"/></tr></table><p class="totop"><a href="#summary">back to summary</a></p>
<h3 id="m5">control.ControlTest#controlTest</h3><table class="result"><tr><th class="invisible"/></tr></table><p class="totop"><a href="#summary">back to summary</a></p>
<h3 id="m6">dropdown.DropdownTest#testSelectedOption</h3><table class="result"><tr><th class="invisible"/></tr></table><p class="totop"><a href="#summary">back to summary</a></p>
<h3 id="m7">hover.HoverTest#testHoverUser1</h3><table class="result"><tr><th class="invisible"/></tr></table><p class="totop"><a href="#summary">back to summary</a></p>
<h3 id="m8">login.modal.ModalTest#testCloseModal</h3><table class="result"><tr><th class="invisible"/></tr></table><p class="totop"><a href="#summary">back to summary</a></p>
<h3 id="m9">rightClick.rightClickTest#testRightClick</h3><table class="result"><tr><th class="invisible"/></tr></table><p class="totop"><a href="#summary">back to summary</a></p>
</body>
</html>
